<?xml version="1.0" encoding="UTF-8"?>
<!-- Generated by org.testng.reporters.JUnitReportReporter -->
<testsuite hostname="WKWIN7673407" failures="0" tests="3" name="org.usb.testing.APITest" time="2.384" errors="0" timestamp="2022-08-15T17:34:49 IST" skipped="0">
  <testcase classname="org.usb.testing.APITest" name="getAllUsers" time="0.654"/>
  <system-out/>
  <testcase classname="org.usb.testing.APITest" name="getUserById" time="0.226"/>
  <system-out/>
  <testcase classname="org.usb.testing.APITest" name="createUser" time="1.504"/>
  <system-out/>
</testsuite> <!-- org.usb.testing.APITest -->
