<?xml version="1.0" encoding="UTF-8"?>
<!-- Generated by org.testng.reporters.JUnitReportReporter -->
<testsuite hostname="WKWIN7673407" failures="0" tests="1" name="org.usb.testing.AppTest" time="0.012" errors="0" timestamp="2022-08-15T17:34:49 IST" skipped="0">
  <testcase classname="org.usb.testing.AppTest" name="shouldAnswerWithTrue" time="0.012"/>
  <system-out/>
</testsuite> <!-- org.usb.testing.AppTest -->
