<?xml version="1.0" encoding="UTF-8"?>
<!-- Generated by org.testng.reporters.JUnitReportReporter -->
<testsuite hostname="WKWIN7673407" failures="0" tests="3" name="org.usb.testing.APITest" time="3.221" errors="0" timestamp="2022-08-18T19:27:08 IST" skipped="1">
  <testcase classname="org.usb.testing.APITest" name="getAllUsers" time="1.710"/>
  <system-out/>
  <testcase classname="org.usb.testing.APITest" name="createUser" time="1.511"/>
  <system-out/>
  <testcase classname="org.usb.testing.APITest" name="getUserById">
    <skipped/>
  </testcase> <!-- getUserById -->
  <system-out/>
</testsuite> <!-- org.usb.testing.APITest -->
