<?xml version="1.0" encoding="UTF-8"?>
<!-- Generated by org.testng.reporters.JUnitReportReporter -->
<testsuite hostname="WKWIN7673407" failures="0" tests="3" name="org.usb.testing.APITest" time="2.850" errors="0" timestamp="2022-08-25T16:56:11 IST" skipped="1">
  <testcase classname="org.usb.testing.APITest" name="getAllUsers" time="1.517"/>
  <system-out/>
  <testcase classname="org.usb.testing.APITest" name="createUser" time="1.333"/>
  <system-out/>
  <testcase classname="org.usb.testing.APITest" name="getUserById">
    <skipped/>
  </testcase> <!-- getUserById -->
  <system-out/>
</testsuite> <!-- org.usb.testing.APITest -->
